<?xml version="1.0" encoding="UTF-8"?>
<robot generator="Robot 3.2.1 (Python 3.8.4 on win32)" generated="20200722 14:08:52.647" rpa="false">
<suite id="s1" name="eBaySearch" source="C:\Users\aparida\OneDrive\Code\Selenium_Python\RobotFramework\Tests\eBaySearch.robot">
<test id="s1-t1" name="1. Verify Basic Search Functionality for eBay">
<kw name="Open Browser" library="SeleniumLibrary">
<doc>Opens a new browser instance to the optional ``url``.</doc>
<arguments>
<arg>https://www.ebay.com/</arg>
<arg>chrome</arg>
</arguments>
<msg timestamp="20200722 14:08:53.235" level="INFO">Opening browser 'chrome' to base url 'https://www.ebay.com/'.</msg>
<status status="PASS" starttime="20200722 14:08:53.235" endtime="20200722 14:09:00.653"></status>
</kw>
<kw name="Input Text" library="SeleniumLibrary">
<doc>Types the given ``text`` into the text field identified by ``locator``.</doc>
<arguments>
<arg>//input[@id='gh-ac']</arg>
<arg>Mobile</arg>
</arguments>
<msg timestamp="20200722 14:09:00.655" level="INFO">Typing text 'Mobile' into text field '//input[@id='gh-ac']'.</msg>
<status status="PASS" starttime="20200722 14:09:00.655" endtime="20200722 14:09:01.023"></status>
</kw>
<kw name="Click Button" library="SeleniumLibrary">
<doc>Clicks the button identified by ``locator``.</doc>
<arguments>
<arg>//input[@class='btn btn-prim gh-spr']</arg>
</arguments>
<msg timestamp="20200722 14:09:01.026" level="INFO">Clicking button '//input[@class='btn btn-prim gh-spr']'.</msg>
<status status="PASS" starttime="20200722 14:09:01.026" endtime="20200722 14:09:01.832"></status>
</kw>
<kw name="Page Should Contain" library="SeleniumLibrary">
<doc>Verifies that current page contains ``text``.</doc>
<arguments>
<arg>results for Mobile</arg>
</arguments>
<msg timestamp="20200722 14:09:04.294" level="INFO">Current page contains text 'results for Mobile'.</msg>
<status status="PASS" starttime="20200722 14:09:01.847" endtime="20200722 14:09:04.294"></status>
</kw>
<kw name="Close Browser" library="SeleniumLibrary">
<doc>Closes the current browser.</doc>
<status status="PASS" starttime="20200722 14:09:04.295" endtime="20200722 14:09:07.751"></status>
</kw>
<doc>This test case verifies the basic ebay search</doc>
<tags>
<tag>Functional,Regression</tag>
</tags>
<status status="PASS" starttime="20200722 14:08:53.233" endtime="20200722 14:09:07.752" critical="yes"></status>
</test>
<doc>Basic Search Functionality</doc>
<status status="PASS" starttime="20200722 14:08:52.653" endtime="20200722 14:09:07.754"></status>
</suite>
<statistics>
<total>
<stat pass="1" fail="0">Critical Tests</stat>
<stat pass="1" fail="0">All Tests</stat>
</total>
<tag>
<stat pass="1" fail="0">Functional,Regression</stat>
</tag>
<suite>
<stat pass="1" fail="0" id="s1" name="eBaySearch">eBaySearch</stat>
</suite>
</statistics>
<errors>
</errors>
</robot>
